2025-08-29 13:00:30 | INFO | __main__:49 | Logger loaded.
2025-08-29 13:00:30 | INFO | __main__:169 | STARTING main()..
2025-08-29 13:00:30 | INFO | __main__:170 | Byline:

**********************************************************
Stellar Analytics — Project Header
**********************************************************
Author:                     Rucu Sethu
Motto:                      Clear. Strength and Support.
Location:                   Wildwood,Missouri
Years Active:               5
Accepting New Clients?:     True
Remote Workshops?:          True
work_from_home?:            True
Services:                   ['Data Analysis', 'Machine Learning', 'Business Intelligence']
Number of Employees:        25
Office Locations:           ['Fremont,CA', 'Nashville,TX', 'Tampa,FL']
 Count of Locations:        3
Client Satisfaction Scores: [4.8, 4.6, 4.9, 5.0, 4.7]
Minimum Satisfaction Score: 4.6
Maximum Satisfaction Score: 5.0
Mean Satisfaction Score:    4.80
     Standard Deviation:    0.16
**********************************************************

2025-08-29 13:00:50 | INFO | __main__:176 | Speech interrupted by user (Ctrl+C).
2025-08-29 13:00:50 | INFO | __main__:180 | This module is organized like all Python modules.
2025-08-29 13:00:50 | INFO | __main__:181 | We write professional Python from the start.
2025-08-29 13:00:50 | INFO | __main__:182 | END main()...
2025-08-29 13:01:37 | INFO | __main__:49 | Logger loaded.
2025-08-29 13:01:37 | INFO | __main__:169 | STARTING main()..
2025-08-29 13:01:37 | INFO | __main__:170 | Byline:

**********************************************************
Stellar Analytics — Project Header
**********************************************************
Author:                     Rucu Sethu
Motto:                      Clear. Strength and Support.
Location:                   Wildwood,Missouri
Years Active:               5
Accepting New Clients?:     True
Remote Workshops?:          True
work_from_home?:            True
Services:                   ['Data Analysis', 'Machine Learning', 'Business Intelligence']
Number of Employees:        25
Office Locations:           ['Fremont,CA', 'Nashville,TX', 'Tampa,FL']
 Count of Locations:        3
Client Satisfaction Scores: [4.8, 4.6, 4.9, 5.0, 4.7]
Minimum Satisfaction Score: 4.6
Maximum Satisfaction Score: 5.0
Mean Satisfaction Score:    4.80
     Standard Deviation:    0.16
**********************************************************

2025-08-29 13:02:32 | INFO | __main__:180 | This module is organized like all Python modules.
2025-08-29 13:02:32 | INFO | __main__:181 | We write professional Python from the start.
2025-08-29 13:02:32 | INFO | __main__:182 | END main()...
2025-08-29 13:13:36 | INFO | __main__:49 | Logger loaded.
2025-08-29 13:13:36 | INFO | __main__:169 | STARTING main()..
2025-08-29 13:13:36 | INFO | __main__:170 | Byline:

**********************************************************
Stellar Analytics — Project Header
**********************************************************
Author:                     Rucu Sethu
Motto:                      Clear. Strength and Support.
Location:                   Wildwood,Missouri
Years Active:               5
Accepting New Clients?:     True
Remote Workshops?:          True
work_from_home?:            True
Services:                   ['Data Analysis', 'Machine Learning', 'Business Intelligence']
Number of Employees:        25
Office Locations:           ['Fremont,CA', 'Nashville,TX', 'Tampa,FL']
 Count of Locations:        3
Client Satisfaction Scores: [4.8, 4.6, 4.9, 5.0, 4.7]
Minimum Satisfaction Score: 4.6
Maximum Satisfaction Score: 5.0
Mean Satisfaction Score:    4.80
     Standard Deviation:    0.16
**********************************************************

2025-08-29 13:14:30 | INFO | __main__:180 | This module is organized like all Python modules.
2025-08-29 13:14:30 | INFO | __main__:181 | We write professional Python from the start.
2025-08-29 13:14:30 | INFO | __main__:182 | END main()...
2025-08-29 15:51:04 | INFO | __main__:49 | Logger loaded.
2025-08-29 15:51:04 | INFO | __main__:169 | STARTING main()..
2025-08-29 15:51:04 | INFO | __main__:170 | Byline:

**********************************************************
Stellar Analytics — Project Header
**********************************************************
Author:                     Rucu Sethu
Motto:                      Clear. Strength and Support.
Location:                   Wildwood,Missouri
Years Active:               5
Accepting New Clients?:     True
Remote Workshops?:          True
work_from_home?:            True
Services:                   ['Data Analysis', 'Machine Learning', 'Business Intelligence']
Number of Employees:        25
Office Locations:           ['Fremont,CA', 'Nashville,TX', 'Tampa,FL']
 Count of Locations:        3
Client Satisfaction Scores: [4.8, 4.6, 4.9, 5.0, 4.7]
Minimum Satisfaction Score: 4.6
Maximum Satisfaction Score: 5.0
Mean Satisfaction Score:    4.80
     Standard Deviation:    0.16
**********************************************************

2025-08-29 15:51:59 | INFO | __main__:180 | This module is organized like all Python modules.
2025-08-29 15:51:59 | INFO | __main__:181 | We write professional Python from the start.
2025-08-29 15:51:59 | INFO | __main__:182 | END main()...
2025-09-03 12:37:00 | INFO | __main__:49 | Logger loaded.
2025-09-03 12:37:00 | INFO | __main__:169 | STARTING main()..
2025-09-03 12:37:00 | INFO | __main__:170 | Byline:

**********************************************************
Stellar Analytics — Project Header
**********************************************************
Author:                     Rucu Sethu
Motto:                      Clear. Strength and Support.
Location:                   Wildwood,Missouri
Years Active:               5
Accepting New Clients?:     True
Remote Workshops?:          True
work_from_home?:            True
Services:                   ['Data Analysis', 'Machine Learning', 'Business Intelligence']
Number of Employees:        25
Office Locations:           ['Fremont,CA', 'Nashville,TX', 'Tampa,FL']
 Count of Locations:        3
Client Satisfaction Scores: [4.8, 4.6, 4.9, 5.0, 4.7]
Minimum Satisfaction Score: 4.6
Maximum Satisfaction Score: 5.0
Mean Satisfaction Score:    4.80
     Standard Deviation:    0.16
**********************************************************

2025-09-03 12:37:06 | INFO | __main__:176 | Speech interrupted by user (Ctrl+C).
2025-09-03 12:37:06 | INFO | __main__:180 | This module is organized like all Python modules.
2025-09-03 12:37:06 | INFO | __main__:181 | We write professional Python from the start.
2025-09-03 12:37:06 | INFO | __main__:182 | END main()...
2025-09-10 13:53:16 | INFO | __main__:49 | Logger loaded.
2025-09-10 13:53:16 | INFO | __main__:169 | STARTING main()..
2025-09-10 13:53:16 | INFO | __main__:170 | Byline:

**********************************************************
Stellar Analytics — Project Header
**********************************************************
Author:                     Rucu Sethu
Motto:                      Clear. Strength and Support.
Location:                   Wildwood,Missouri
Years Active:               5
Accepting New Clients?:     True
Remote Workshops?:          True
work_from_home?:            True
Services:                   ['Data Analysis', 'Machine Learning', 'Business Intelligence']
Number of Employees:        25
Office Locations:           ['Fremont,CA', 'Nashville,TX', 'Tampa,FL']
 Count of Locations:        3
Client Satisfaction Scores: [4.8, 4.6, 4.9, 5.0, 4.7]
Minimum Satisfaction Score: 4.6
Maximum Satisfaction Score: 5.0
Mean Satisfaction Score:    4.80
     Standard Deviation:    0.16
**********************************************************

2025-09-10 13:53:23 | INFO | __main__:176 | Speech interrupted by user (Ctrl+C).
2025-09-10 13:53:23 | INFO | __main__:180 | This module is organized like all Python modules.
2025-09-10 13:53:23 | INFO | __main__:181 | We write professional Python from the start.
2025-09-10 13:53:23 | INFO | __main__:182 | END main()...
2025-09-10 14:24:32 | INFO | __main__:49 | Logger loaded.
2025-09-10 14:24:32 | INFO | __main__:169 | STARTING main()....
2025-09-10 14:24:32 | INFO | __main__:170 | Byline:

**********************************************************
Stellar Analytics — Project Header
**********************************************************
Author:                     Rucu Sethu
Motto:                      Clear. Strength and Support.
Location:                   Wildwood,Missouri
Years Active:               5
Accepting New Clients?:     True
Remote Workshops?:          True
work_from_home?:            True
Services:                   ['Data Analysis', 'Machine Learning', 'Business Intelligence']
Number of Employees:        25
Office Locations:           ['Fremont,CA', 'Nashville,TX', 'Tampa,FL']
 Count of Locations:        3
Client Satisfaction Scores: [4.8, 4.6, 4.9, 5.0, 4.7]
Minimum Satisfaction Score: 4.6
Maximum Satisfaction Score: 5.0
Mean Satisfaction Score:    4.80
     Standard Deviation:    0.16
**********************************************************

2025-09-10 14:25:26 | INFO | __main__:181 | This module is organized like all Python modules.
2025-09-10 14:25:26 | INFO | __main__:182 | We write professional Python from the start.
2025-09-10 14:25:26 | INFO | __main__:183 | END main()...
2025-09-10 14:34:45 | INFO | __main__:47 | Logger loaded.
2025-09-10 14:34:45 | INFO | __main__:167 | STARTING main()....
2025-09-10 14:34:45 | INFO | __main__:168 | Byline:

**********************************************************
Stellar Analytics — Project Header
**********************************************************
Author:                     Rucu Sethu
Motto:                      Clear. Strength and Support.
Location:                   Wildwood,Missouri
Years Active:               5
Accepting New Clients?:     True
Remote Workshops?:          True
work_from_home?:            True
Services:                   ['Data Analysis', 'Machine Learning', 'Business Intelligence']
Number of Employees:        25
Office Locations:           ['Fremont,CA', 'Nashville,TX', 'Tampa,FL']
 Count of Locations:        3
Client Satisfaction Scores: [4.8, 4.6, 4.9, 5.0, 4.7]
Minimum Satisfaction Score: 4.6
Maximum Satisfaction Score: 5.0
Mean Satisfaction Score:    4.80
     Standard Deviation:    0.16
**********************************************************

2025-09-10 14:34:48 | INFO | __main__:175 | Speech interrupted by user (Ctrl+C).
2025-09-10 14:34:48 | INFO | __main__:179 | This module is organized like all Python modules.
2025-09-10 14:34:48 | INFO | __main__:180 | We write professional Python from the start.
2025-09-10 14:34:48 | INFO | __main__:181 | END main()...
